<?xml version="1.0" encoding="UTF-8"?>
<!-- Generated by org.testng.reporters.JUnitReportReporter -->
<testsuite hostname="ASCINLAP60948" failures="0" tests="1" name="Files.W3SchoolsTest" time="29.683" errors="0" timestamp="2024-12-20T17:03:56 IST" skipped="0">
  <testcase classname="Files.W3SchoolsTest" name="testSearchFunctionality" time="29.683"/>
  <system-out/>
</testsuite> <!-- Files.W3SchoolsTest -->
