<?xml version="1.0" encoding="UTF-8"?>
<!-- Generated by org.testng.reporters.JUnitReportReporter -->
<testsuite hostname="ASCINLAP60948" failures="0" tests="1" name="tests.AmazonTest" time="31.752" errors="0" timestamp="2024-12-20T16:48:22 IST" skipped="0">
  <testcase classname="tests.AmazonTest" name="searchProductTest" time="31.752"/>
  <system-out/>
</testsuite> <!-- tests.AmazonTest -->
